[1.211s] Invoking command in '/home/sakumahinata/ros2_ws/src/mypkg': PYTHONPATH=/home/sakumahinata/ros2_ws/src/mypkg/build/mypkg/prefix_override:/home/sakumahinata/ros2_ws/src/mypkg/install/mypkg/lib/python3.8/site-packages:${PYTHONPATH} /usr/bin/python3 setup.py egg_info --egg-base build/mypkg build --build-base /home/sakumahinata/ros2_ws/src/mypkg/build/mypkg/build install --record /home/sakumahinata/ros2_ws/src/mypkg/build/mypkg/install.log --install-scripts $base/lib/mypkg --single-version-externally-managed
[1.388s] running egg_info
[1.389s] creating build/mypkg/mypkg.egg-info
[1.389s] writing build/mypkg/mypkg.egg-info/PKG-INFO
[1.389s] writing dependency_links to build/mypkg/mypkg.egg-info/dependency_links.txt
[1.389s] writing entry points to build/mypkg/mypkg.egg-info/entry_points.txt
[1.390s] writing requirements to build/mypkg/mypkg.egg-info/requires.txt
[1.390s] writing top-level names to build/mypkg/mypkg.egg-info/top_level.txt
[1.407s] writing manifest file 'build/mypkg/mypkg.egg-info/SOURCES.txt'
[1.460s] reading manifest file 'build/mypkg/mypkg.egg-info/SOURCES.txt'
[1.462s] writing manifest file 'build/mypkg/mypkg.egg-info/SOURCES.txt'
[1.462s] running build
[1.462s] running build_py
[1.463s] creating /home/sakumahinata/ros2_ws/src/mypkg/build/mypkg/build
[1.463s] creating /home/sakumahinata/ros2_ws/src/mypkg/build/mypkg/build/lib
[1.464s] creating /home/sakumahinata/ros2_ws/src/mypkg/build/mypkg/build/lib/mypkg
[1.466s] copying mypkg/talker.py -> /home/sakumahinata/ros2_ws/src/mypkg/build/mypkg/build/lib/mypkg
[1.466s] copying mypkg/listener.py -> /home/sakumahinata/ros2_ws/src/mypkg/build/mypkg/build/lib/mypkg
[1.466s] copying mypkg/__init__.py -> /home/sakumahinata/ros2_ws/src/mypkg/build/mypkg/build/lib/mypkg
[1.466s] running install
[1.466s] running install_lib
[1.467s] creating /home/sakumahinata/ros2_ws/src/mypkg/install/mypkg/lib/python3.8/site-packages/mypkg
[1.468s] copying /home/sakumahinata/ros2_ws/src/mypkg/build/mypkg/build/lib/mypkg/talker.py -> /home/sakumahinata/ros2_ws/src/mypkg/install/mypkg/lib/python3.8/site-packages/mypkg
[1.468s] copying /home/sakumahinata/ros2_ws/src/mypkg/build/mypkg/build/lib/mypkg/listener.py -> /home/sakumahinata/ros2_ws/src/mypkg/install/mypkg/lib/python3.8/site-packages/mypkg
[1.468s] copying /home/sakumahinata/ros2_ws/src/mypkg/build/mypkg/build/lib/mypkg/__init__.py -> /home/sakumahinata/ros2_ws/src/mypkg/install/mypkg/lib/python3.8/site-packages/mypkg
[1.469s] byte-compiling /home/sakumahinata/ros2_ws/src/mypkg/install/mypkg/lib/python3.8/site-packages/mypkg/talker.py to talker.cpython-38.pyc
[1.471s] byte-compiling /home/sakumahinata/ros2_ws/src/mypkg/install/mypkg/lib/python3.8/site-packages/mypkg/listener.py to listener.cpython-38.pyc
[1.472s] byte-compiling /home/sakumahinata/ros2_ws/src/mypkg/install/mypkg/lib/python3.8/site-packages/mypkg/__init__.py to __init__.cpython-38.pyc
[1.472s] running install_data
[1.473s] creating /home/sakumahinata/ros2_ws/src/mypkg/install/mypkg/share/ament_index
[1.474s] creating /home/sakumahinata/ros2_ws/src/mypkg/install/mypkg/share/ament_index/resource_index
[1.474s] creating /home/sakumahinata/ros2_ws/src/mypkg/install/mypkg/share/ament_index/resource_index/packages
[1.474s] copying resource/mypkg -> /home/sakumahinata/ros2_ws/src/mypkg/install/mypkg/share/ament_index/resource_index/packages
[1.474s] copying package.xml -> /home/sakumahinata/ros2_ws/src/mypkg/install/mypkg/share/mypkg
[1.474s] running install_egg_info
[1.477s] Copying build/mypkg/mypkg.egg-info to /home/sakumahinata/ros2_ws/src/mypkg/install/mypkg/lib/python3.8/site-packages/mypkg-0.0.0-py3.8.egg-info
[1.478s] running install_scripts
[1.505s] Installing listener script to /home/sakumahinata/ros2_ws/src/mypkg/install/mypkg/lib/mypkg
[1.505s] Installing talker script to /home/sakumahinata/ros2_ws/src/mypkg/install/mypkg/lib/mypkg
[1.505s] writing list of installed files to '/home/sakumahinata/ros2_ws/src/mypkg/build/mypkg/install.log'
[1.527s] Invoked command in '/home/sakumahinata/ros2_ws/src/mypkg' returned '0': PYTHONPATH=/home/sakumahinata/ros2_ws/src/mypkg/build/mypkg/prefix_override:/home/sakumahinata/ros2_ws/src/mypkg/install/mypkg/lib/python3.8/site-packages:${PYTHONPATH} /usr/bin/python3 setup.py egg_info --egg-base build/mypkg build --build-base /home/sakumahinata/ros2_ws/src/mypkg/build/mypkg/build install --record /home/sakumahinata/ros2_ws/src/mypkg/build/mypkg/install.log --install-scripts $base/lib/mypkg --single-version-externally-managed
